algo_app/build/outputs/logs/manifest-merger-release-report.txt
-- Merging decision tree log ---
manifest
ADDED from src/main/AndroidManifest.xml:1:1-35:12
INJECTED from src/main/AndroidManifest.xml:1:1-35:12
INJECTED from src/main/AndroidManifest.xml:1:1-35:12
INJECTED from src/main/AndroidManifest.xml:1:1-35:12
MERGED from [com.android.support:appcompat-v7:26.1.0] AndroidManifest.xml:17:1-31:12
MERGED from [com.jakewharton.timber:timber:4.1.1] AndroidManifest.xml:2:1-10:12
MERGED from [:visionsdk-0.6.289:] AndroidManifest.xml:2:1-15:12
MERGED from [:basesdkadvanced-0.6.685:] AndroidManifest.xml:2:1-11:12
MERGED from [:algobase-0.6.161:] AndroidManifest.xml:2:1-17:12
MERGED from [:nft-sdk-0.1.4:] AndroidManifest.xml:2:1-17:12
MERGED from [:base-connectivity-sdk-0.5.104:] AndroidManifest.xml:2:1-14:12
MERGED from [:sensorsdk-0.6.685:] AndroidManifest.xml:2:1-11:12
MERGED from [:headsdkadvanced-0.6.685:] AndroidManifest.xml:2:1-11:12
MERGED from [:visionsdkadvanced-0.6.289:] AndroidManifest.xml:2:1-11:12
MERGED from [:externalsdk-0.6.211:] AndroidManifest.xml:2:1-17:12
MERGED from [:headsdk-0.6.685:] AndroidManifest.xml:2:1-11:12
MERGED from [:sdkbase-0.1.69:] AndroidManifest.xml:2:1-13:12
MERGED from [:basic-class-0.6.161:] AndroidManifest.xml:2:1-17:12
MERGED from [:basesdk-0.6.685:] AndroidManifest.xml:2:1-11:12
MERGED from [:robot-connectivity-sdk-0.5.104:] AndroidManifest.xml:2:1-16:12
MERGED from [io.reactivex.rxjava2:rxandroid:2.0.1] AndroidManifest.xml:15:1-21:12
MERGED from [com.android.support:animated-vector-drawable:26.1.0] AndroidManifest.xml:17:1-28:12
MERGED from [com.android.support:support-vector-drawable:26.1.0] AndroidManifest.xml:17:1-28:12
MERGED from [com.android.support:support-v4:26.1.0] AndroidManifest.xml:17:1-31:12
MERGED from [com.android.support:support-media-compat:26.1.0] AndroidManifest.xml:17:1-31:12
MERGED from [com.android.support:support-fragment:26.1.0] AndroidManifest.xml:17:1-31:12
MERGED from [com.android.support:support-core-utils:26.1.0] AndroidManifest.xml:17:1-31:12
MERGED from [com.android.support:support-core-ui:26.1.0] AndroidManifest.xml:17:1-31:12
MERGED from [com.android.support:support-compat:26.1.0] AndroidManifest.xml:17:1-31:12
MERGED from [android.arch.lifecycle:runtime:1.0.0] AndroidManifest.xml:17:1-30:12
INJECTED from src/main/AndroidManifest.xml:1:1-35:12
INJECTED from src/main/AndroidManifest.xml:1:1-35:12
INJECTED from src/main/AndroidManifest.xml:1:1-35:12
	package
		ADDED from src/main/AndroidManifest.xml:2:11-51
		INJECTED from src/main/AndroidManifest.xml
		INJECTED from src/main/AndroidManifest.xml
	android:versionName
		INJECTED from src/main/AndroidManifest.xml
		ADDED from src/main/AndroidManifest.xml:1:1-35:12
		INJECTED from src/main/AndroidManifest.xml
	android:versionCode
		INJECTED from src/main/AndroidManifest.xml
		ADDED from src/main/AndroidManifest.xml:1:1-35:12
		INJECTED from src/main/AndroidManifest.xml
	xmlns:android
		ADDED from src/main/AndroidManifest.xml:1:11-69
uses-permission#android.permission.CAMERA
ADDED from src/main/AndroidManifest.xml:4:5-65
MERGED from [:visionsdk-0.6.289:] AndroidManifest.xml:13:5-65
MERGED from [:visionsdk-0.6.289:] AndroidManifest.xml:13:5-65
	android:name
		ADDED from src/main/AndroidManifest.xml:4:22-62
uses-permission#android.permission.WRITE_EXTERNAL_STORAGE
ADDED from src/main/AndroidManifest.xml:5:5-81
MERGED from [:nft-sdk-0.1.4:] AndroidManifest.xml:11:5-81
MERGED from [:nft-sdk-0.1.4:] AndroidManifest.xml:11:5-81
MERGED from [:base-connectivity-sdk-0.5.104:] AndroidManifest.xml:12:5-81
MERGED from [:base-connectivity-sdk-0.5.104:] AndroidManifest.xml:12:5-81
MERGED from [:sdkbase-0.1.69:] AndroidManifest.xml:11:5-81
MERGED from [:sdkbase-0.1.69:] AndroidManifest.xml:11:5-81
	android:name
		ADDED from src/main/AndroidManifest.xml:5:22-78
uses-permission#android.permission.READ_EXTERNAL_STORAGE
ADDED from src/main/AndroidManifest.xml:6:5-80
MERGED from [:nft-sdk-0.1.4:] AndroidManifest.xml:12:5-80
MERGED from [:nft-sdk-0.1.4:] AndroidManifest.xml:12:5-80
MERGED from [:base-connectivity-sdk-0.5.104:] AndroidManifest.xml:11:5-80
MERGED from [:base-connectivity-sdk-0.5.104:] AndroidManifest.xml:11:5-80
	android:name
		ADDED from src/main/AndroidManifest.xml:6:22-77
uses-permission#android.permission.ACCESS_WIFI_STATE
ADDED from src/main/AndroidManifest.xml:7:5-75
MERGED from [:nft-sdk-0.1.4:] AndroidManifest.xml:13:5-76
MERGED from [:nft-sdk-0.1.4:] AndroidManifest.xml:13:5-76
MERGED from [:robot-connectivity-sdk-0.5.104:] AndroidManifest.xml:13:5-76
MERGED from [:robot-connectivity-sdk-0.5.104:] AndroidManifest.xml:13:5-76
	android:name
		ADDED from src/main/AndroidManifest.xml:7:22-73
uses-permission#android.permission.INTERNET
ADDED from src/main/AndroidManifest.xml:8:5-67
MERGED from [:nft-sdk-0.1.4:] AndroidManifest.xml:14:5-67
MERGED from [:nft-sdk-0.1.4:] AndroidManifest.xml:14:5-67
MERGED from [:robot-connectivity-sdk-0.5.104:] AndroidManifest.xml:11:5-67
MERGED from [:robot-connectivity-sdk-0.5.104:] AndroidManifest.xml:11:5-67
	android:name
		ADDED from src/main/AndroidManifest.xml:8:22-64
uses-permission#android.permission.CHANGE_WIFI_STATE
ADDED from src/main/AndroidManifest.xml:9:5-76
MERGED from [:nft-sdk-0.1.4:] AndroidManifest.xml:15:5-76
MERGED from [:nft-sdk-0.1.4:] AndroidManifest.xml:15:5-76
MERGED from [:robot-connectivity-sdk-0.5.104:] AndroidManifest.xml:14:5-76
MERGED from [:robot-connectivity-sdk-0.5.104:] AndroidManifest.xml:14:5-76
	android:name
		ADDED from src/main/AndroidManifest.xml:9:22-73
uses-permission#android.permission.CHANGE_NETWORK_STATE
ADDED from src/main/AndroidManifest.xml:10:5-79
	android:name
		ADDED from src/main/AndroidManifest.xml:10:22-76
uses-feature#android.hardware.camera
ADDED from src/main/AndroidManifest.xml:11:5-60
MERGED from [:visionsdk-0.6.289:] AndroidManifest.xml:11:5-60
MERGED from [:visionsdk-0.6.289:] AndroidManifest.xml:11:5-60
	android:name
		ADDED from src/main/AndroidManifest.xml:11:19-57
uses-feature#android.hardware.camera.autofocus
ADDED from src/main/AndroidManifest.xml:12:5-70
	android:name
		ADDED from src/main/AndroidManifest.xml:12:19-67
application
ADDED from src/main/AndroidManifest.xml:14:5-33:19
MERGED from [com.android.support:appcompat-v7:26.1.0] AndroidManifest.xml:25:5-29:19
MERGED from [com.android.support:appcompat-v7:26.1.0] AndroidManifest.xml:25:5-29:19
MERGED from [com.jakewharton.timber:timber:4.1.1] AndroidManifest.xml:8:5-20
MERGED from [com.jakewharton.timber:timber:4.1.1] AndroidManifest.xml:8:5-20
MERGED from [:algobase-0.6.161:] AndroidManifest.xml:11:5-15:19
MERGED from [:algobase-0.6.161:] AndroidManifest.xml:11:5-15:19
MERGED from [:externalsdk-0.6.211:] AndroidManifest.xml:11:5-15:19
MERGED from [:externalsdk-0.6.211:] AndroidManifest.xml:11:5-15:19
MERGED from [:basic-class-0.6.161:] AndroidManifest.xml:11:5-15:19
MERGED from [:basic-class-0.6.161:] AndroidManifest.xml:11:5-15:19
MERGED from [com.android.support:animated-vector-drawable:26.1.0] AndroidManifest.xml:22:5-26:19
MERGED from [com.android.support:animated-vector-drawable:26.1.0] AndroidManifest.xml:22:5-26:19
MERGED from [com.android.support:support-vector-drawable:26.1.0] AndroidManifest.xml:22:5-26:19
MERGED from [com.android.support:support-vector-drawable:26.1.0] AndroidManifest.xml:22:5-26:19
MERGED from [com.android.support:support-v4:26.1.0] AndroidManifest.xml:25:5-29:19
MERGED from [com.android.support:support-v4:26.1.0] AndroidManifest.xml:25:5-29:19
MERGED from [com.android.support:support-media-compat:26.1.0] AndroidManifest.xml:25:5-29:19
MERGED from [com.android.support:support-media-compat:26.1.0] AndroidManifest.xml:25:5-29:19
MERGED from [com.android.support:support-fragment:26.1.0] AndroidManifest.xml:25:5-29:19
MERGED from [com.android.support:support-fragment:26.1.0] AndroidManifest.xml:25:5-29:19
MERGED from [com.android.support:support-core-utils:26.1.0] AndroidManifest.xml:25:5-29:19
MERGED from [com.android.support:support-core-utils:26.1.0] AndroidManifest.xml:25:5-29:19
MERGED from [com.android.support:support-core-ui:26.1.0] AndroidManifest.xml:25:5-29:19
MERGED from [com.android.support:support-core-ui:26.1.0] AndroidManifest.xml:25:5-29:19
MERGED from [com.android.support:support-compat:26.1.0] AndroidManifest.xml:25:5-29:19
MERGED from [com.android.support:support-compat:26.1.0] AndroidManifest.xml:25:5-29:19
MERGED from [android.arch.lifecycle:runtime:1.0.0] AndroidManifest.xml:24:5-28:19
MERGED from [android.arch.lifecycle:runtime:1.0.0] AndroidManifest.xml:24:5-28:19
	android:supportsRtl
		ADDED from src/main/AndroidManifest.xml:19:9-35
	android:label
		ADDED from src/main/AndroidManifest.xml:18:9-41
	android:icon
		ADDED from src/main/AndroidManifest.xml:17:9-43
	android:allowBackup
		ADDED from src/main/AndroidManifest.xml:16:9-35
	android:theme
		ADDED from src/main/AndroidManifest.xml:20:9-40
	android:name
		ADDED from src/main/AndroidManifest.xml:15:9-40
activity#com.segway.robot.algo.algo_app.MainActivity
ADDED from src/main/AndroidManifest.xml:21:9-28:20
	android:screenOrientation
		ADDED from src/main/AndroidManifest.xml:22:19-56
	android:name
		ADDED from src/main/AndroidManifest.xml:21:19-47
intent-filter#android.intent.action.MAIN+android.intent.category.LAUNCHER
ADDED from src/main/AndroidManifest.xml:23:13-27:29
action#android.intent.action.MAIN
ADDED from src/main/AndroidManifest.xml:24:17-69
	android:name
		ADDED from src/main/AndroidManifest.xml:24:25-66
category#android.intent.category.LAUNCHER
ADDED from src/main/AndroidManifest.xml:26:17-77
	android:name
		ADDED from src/main/AndroidManifest.xml:26:27-74
meta-data#robot_side
ADDED from src/main/AndroidManifest.xml:30:9-32:63
	android:value
		ADDED from src/main/AndroidManifest.xml:32:13-60
	android:name
		ADDED from src/main/AndroidManifest.xml:31:13-38
uses-sdk
INJECTED from src/main/AndroidManifest.xml reason: use-sdk injection requested
INJECTED from src/main/AndroidManifest.xml
INJECTED from src/main/AndroidManifest.xml
MERGED from [com.android.support:appcompat-v7:26.1.0] AndroidManifest.xml:21:5-23:78
MERGED from [com.android.support:appcompat-v7:26.1.0] AndroidManifest.xml:21:5-23:78
MERGED from [com.jakewharton.timber:timber:4.1.1] AndroidManifest.xml:6:5-44
MERGED from [com.jakewharton.timber:timber:4.1.1] AndroidManifest.xml:6:5-44
MERGED from [:visionsdk-0.6.289:] AndroidManifest.xml:7:5-9:41
MERGED from [:visionsdk-0.6.289:] AndroidManifest.xml:7:5-9:41
MERGED from [:basesdkadvanced-0.6.685:] AndroidManifest.xml:7:5-9:41
MERGED from [:basesdkadvanced-0.6.685:] AndroidManifest.xml:7:5-9:41
MERGED from [:algobase-0.6.161:] AndroidManifest.xml:7:5-9:41
MERGED from [:algobase-0.6.161:] AndroidManifest.xml:7:5-9:41
MERGED from [:nft-sdk-0.1.4:] AndroidManifest.xml:7:5-9:41
MERGED from [:nft-sdk-0.1.4:] AndroidManifest.xml:7:5-9:41
MERGED from [:base-connectivity-sdk-0.5.104:] AndroidManifest.xml:7:5-9:41
MERGED from [:base-connectivity-sdk-0.5.104:] AndroidManifest.xml:7:5-9:41
MERGED from [:sensorsdk-0.6.685:] AndroidManifest.xml:7:5-9:41
MERGED from [:sensorsdk-0.6.685:] AndroidManifest.xml:7:5-9:41
MERGED from [:headsdkadvanced-0.6.685:] AndroidManifest.xml:7:5-9:41
MERGED from [:headsdkadvanced-0.6.685:] AndroidManifest.xml:7:5-9:41
MERGED from [:visionsdkadvanced-0.6.289:] AndroidManifest.xml:7:5-9:41
MERGED from [:visionsdkadvanced-0.6.289:] AndroidManifest.xml:7:5-9:41
MERGED from [:externalsdk-0.6.211:] AndroidManifest.xml:7:5-9:41
MERGED from [:externalsdk-0.6.211:] AndroidManifest.xml:7:5-9:41
MERGED from [:headsdk-0.6.685:] AndroidManifest.xml:7:5-9:41
MERGED from [:headsdk-0.6.685:] AndroidManifest.xml:7:5-9:41
MERGED from [:sdkbase-0.1.69:] AndroidManifest.xml:7:5-9:41
MERGED from [:sdkbase-0.1.69:] AndroidManifest.xml:7:5-9:41
MERGED from [:basic-class-0.6.161:] AndroidManifest.xml:7:5-9:41
MERGED from [:basic-class-0.6.161:] AndroidManifest.xml:7:5-9:41
MERGED from [:basesdk-0.6.685:] AndroidManifest.xml:7:5-9:41
MERGED from [:basesdk-0.6.685:] AndroidManifest.xml:7:5-9:41
MERGED from [:robot-connectivity-sdk-0.5.104:] AndroidManifest.xml:7:5-9:41
MERGED from [:robot-connectivity-sdk-0.5.104:] AndroidManifest.xml:7:5-9:41
MERGED from [io.reactivex.rxjava2:rxandroid:2.0.1] AndroidManifest.xml:19:5-43
MERGED from [io.reactivex.rxjava2:rxandroid:2.0.1] AndroidManifest.xml:19:5-43
MERGED from [com.android.support:animated-vector-drawable:26.1.0] AndroidManifest.xml:20:5-44
MERGED from [com.android.support:animated-vector-drawable:26.1.0] AndroidManifest.xml:20:5-44
MERGED from [com.android.support:support-vector-drawable:26.1.0] AndroidManifest.xml:20:5-44
MERGED from [com.android.support:support-vector-drawable:26.1.0] AndroidManifest.xml:20:5-44
MERGED from [com.android.support:support-v4:26.1.0] AndroidManifest.xml:21:5-23:54
MERGED from [com.android.support:support-v4:26.1.0] AndroidManifest.xml:21:5-23:54
MERGED from [com.android.support:support-media-compat:26.1.0] AndroidManifest.xml:21:5-23:63
MERGED from [com.android.support:support-media-compat:26.1.0] AndroidManifest.xml:21:5-23:63
MERGED from [com.android.support:support-fragment:26.1.0] AndroidManifest.xml:21:5-23:60
MERGED from [com.android.support:support-fragment:26.1.0] AndroidManifest.xml:21:5-23:60
MERGED from [com.android.support:support-core-utils:26.1.0] AndroidManifest.xml:21:5-23:61
MERGED from [com.android.support:support-core-utils:26.1.0] AndroidManifest.xml:21:5-23:61
MERGED from [com.android.support:support-core-ui:26.1.0] AndroidManifest.xml:21:5-23:58
MERGED from [com.android.support:support-core-ui:26.1.0] AndroidManifest.xml:21:5-23:58
MERGED from [com.android.support:support-compat:26.1.0] AndroidManifest.xml:21:5-23:58
MERGED from [com.android.support:support-compat:26.1.0] AndroidManifest.xml:21:5-23:58
MERGED from [android.arch.lifecycle:runtime:1.0.0] AndroidManifest.xml:20:5-22:41
MERGED from [android.arch.lifecycle:runtime:1.0.0] AndroidManifest.xml:20:5-22:41
INJECTED from src/main/AndroidManifest.xml
INJECTED from src/main/AndroidManifest.xml
	tools:overrideLibrary
		ADDED from [com.android.support:appcompat-v7:26.1.0] AndroidManifest.xml:23:9-75
	android:targetSdkVersion
		INJECTED from src/main/AndroidManifest.xml
		ADDED from src/main/AndroidManifest.xml
		INJECTED from src/main/AndroidManifest.xml
	android:minSdkVersion
		INJECTED from src/main/AndroidManifest.xml
		ADDED from src/main/AndroidManifest.xml
		INJECTED from src/main/AndroidManifest.xml
meta-data#android.support.VERSION
ADDED from [com.android.support:appcompat-v7:26.1.0] AndroidManifest.xml:26:9-28:38
MERGED from [com.android.support:animated-vector-drawable:26.1.0] AndroidManifest.xml:23:9-25:38
MERGED from [com.android.support:animated-vector-drawable:26.1.0] AndroidManifest.xml:23:9-25:38
MERGED from [com.android.support:support-vector-drawable:26.1.0] AndroidManifest.xml:23:9-25:38
MERGED from [com.android.support:support-vector-drawable:26.1.0] AndroidManifest.xml:23:9-25:38
MERGED from [com.android.support:support-v4:26.1.0] AndroidManifest.xml:26:9-28:38
MERGED from [com.android.support:support-v4:26.1.0] AndroidManifest.xml:26:9-28:38
MERGED from [com.android.support:support-media-compat:26.1.0] AndroidManifest.xml:26:9-28:38
MERGED from [com.android.support:support-media-compat:26.1.0] AndroidManifest.xml:26:9-28:38
MERGED from [com.android.support:support-fragment:26.1.0] AndroidManifest.xml:26:9-28:38
MERGED from [com.android.support:support-fragment:26.1.0] AndroidManifest.xml:26:9-28:38
MERGED from [com.android.support:support-core-utils:26.1.0] AndroidManifest.xml:26:9-28:38
MERGED from [com.android.support:support-core-utils:26.1.0] AndroidManifest.xml:26:9-28:38
MERGED from [com.android.support:support-core-ui:26.1.0] AndroidManifest.xml:26:9-28:38
MERGED from [com.android.support:support-core-ui:26.1.0] AndroidManifest.xml:26:9-28:38
MERGED from [com.android.support:support-compat:26.1.0] AndroidManifest.xml:26:9-28:38
MERGED from [com.android.support:support-compat:26.1.0] AndroidManifest.xml:26:9-28:38
	android:value
		ADDED from [com.android.support:appcompat-v7:26.1.0] AndroidManifest.xml:28:13-35
	android:name
		ADDED from [com.android.support:appcompat-v7:26.1.0] AndroidManifest.xml:27:13-51
uses-permission#android.permission.ACCESS_NETWORK_STATE
ADDED from [:robot-connectivity-sdk-0.5.104:] AndroidManifest.xml:12:5-79
	android:name
		ADDED from [:robot-connectivity-sdk-0.5.104:] AndroidManifest.xml:12:22-76
meta-data#android.arch.lifecycle.VERSION
ADDED from [android.arch.lifecycle:runtime:1.0.0] AndroidManifest.xml:25:9-27:47
	android:value
		ADDED from [android.arch.lifecycle:runtime:1.0.0] AndroidManifest.xml:27:13-44
	android:name
		ADDED from [android.arch.lifecycle:runtime:1.0.0] AndroidManifest.xml:26:13-58